Removed Pin From Net: NetName=Net3_A4 Pin=CAN?-1
Removed Pin From Net: NetName=Net3_A3 Pin=CAN?-2
Removed Pin From Net: NetName=Net3_B3 Pin=CAN?-3
Removed Pin From Net: NetName=GND Pin=CAN?-4
Removed Pin From Net: NetName=Net3_A2 Pin=I?-1
Removed Pin From Net: NetName=Net3_G3 Pin=I?-2
Removed Pin From Net: NetName=Net3_H3 Pin=I?-3
Removed Pin From Net: NetName=GND Pin=I?-4
Removed Pin From Net: NetName=Net3_A2 Pin=UART?-1
Removed Pin From Net: NetName=Net3_C3 Pin=UART?-2
Removed Pin From Net: NetName=Net3_D3 Pin=UART?-3
Removed Pin From Net: NetName=GND Pin=UART?-4
Removed Member From Class: ClassName=48PinConnector Member=CAN?
Removed Member From Class: ClassName=48PinConnector Member=I?
Removed Member From Class: ClassName=48PinConnector Member=UART?
Added Component: Designator=CAN(TE_282837-4)
Add component (AddParameter): Name = "Availability"; Value = "In Stock"; VariantName = "[No Variations]"
Add component (AddParameter): Name = "Check_prices"; Value = "https://www.snapeda.com/parts/282837-4/TE+Connectivity+AMP+Connectors/view-part/?ref=eda"; VariantName = "[No Variations]"
Add component (AddParameter): Name = "EU_RoHS_Compliance"; Value = "Compliant with Exemptions"; VariantName = "[No Variations]"
Add component (AddParameter): Name = "MF"; Value = "TE Connectivity"; VariantName = "[No Variations]"
Add component (AddParameter): Name = "MP"; Value = "282837-4"; VariantName = "[No Variations]"
Add component (AddParameter): Name = "Package"; Value = "None"; VariantName = "[No Variations]"
Add component (AddParameter): Name = "Price"; Value = "None"; VariantName = "[No Variations]"
Add component (AddParameter): Name = "Purchase-URL"; Value = "https://pricing.snapeda.com/search/part/282837-4/?ref=eda"; VariantName = "[No Variations]"
Add component (AddParameter): Name = "SnapEDA_Link"; Value = "https://www.snapeda.com/parts/282837-4/TE+Connectivity+AMP+Connectors/view-part/?ref=snap"; VariantName = "[No Variations]"
Add component (AddParameter): Name = "Value"; Value = ""; VariantName = "[No Variations]"
Added Component: Designator=I2C(TE_282837-4)
Add component (AddParameter): Name = "Availability"; Value = "In Stock"; VariantName = "[No Variations]"
Add component (AddParameter): Name = "Check_prices"; Value = "https://www.snapeda.com/parts/282837-4/TE+Connectivity+AMP+Connectors/view-part/?ref=eda"; VariantName = "[No Variations]"
Add component (AddParameter): Name = "EU_RoHS_Compliance"; Value = "Compliant with Exemptions"; VariantName = "[No Variations]"
Add component (AddParameter): Name = "MF"; Value = "TE Connectivity"; VariantName = "[No Variations]"
Add component (AddParameter): Name = "MP"; Value = "282837-4"; VariantName = "[No Variations]"
Add component (AddParameter): Name = "Package"; Value = "None"; VariantName = "[No Variations]"
Add component (AddParameter): Name = "Price"; Value = "None"; VariantName = "[No Variations]"
Add component (AddParameter): Name = "Purchase-URL"; Value = "https://pricing.snapeda.com/search/part/282837-4/?ref=eda"; VariantName = "[No Variations]"
Add component (AddParameter): Name = "SnapEDA_Link"; Value = "https://www.snapeda.com/parts/282837-4/TE+Connectivity+AMP+Connectors/view-part/?ref=snap"; VariantName = "[No Variations]"
Add component (AddParameter): Name = "Value"; Value = ""; VariantName = "[No Variations]"
Added Component: Designator=UART(TE_282837-4)
Add component (AddParameter): Name = "Availability"; Value = "In Stock"; VariantName = "[No Variations]"
Add component (AddParameter): Name = "Check_prices"; Value = "https://www.snapeda.com/parts/282837-4/TE+Connectivity+AMP+Connectors/view-part/?ref=eda"; VariantName = "[No Variations]"
Add component (AddParameter): Name = "EU_RoHS_Compliance"; Value = "Compliant with Exemptions"; VariantName = "[No Variations]"
Add component (AddParameter): Name = "MF"; Value = "TE Connectivity"; VariantName = "[No Variations]"
Add component (AddParameter): Name = "MP"; Value = "282837-4"; VariantName = "[No Variations]"
Add component (AddParameter): Name = "Package"; Value = "None"; VariantName = "[No Variations]"
Add component (AddParameter): Name = "Price"; Value = "None"; VariantName = "[No Variations]"
Add component (AddParameter): Name = "Purchase-URL"; Value = "https://pricing.snapeda.com/search/part/282837-4/?ref=eda"; VariantName = "[No Variations]"
Add component (AddParameter): Name = "SnapEDA_Link"; Value = "https://www.snapeda.com/parts/282837-4/TE+Connectivity+AMP+Connectors/view-part/?ref=snap"; VariantName = "[No Variations]"
Add component (AddParameter): Name = "Value"; Value = ""; VariantName = "[No Variations]"
Added Pin To Net: NetName=Net3_A4 Pin=CAN-1
Added Pin To Net: NetName=GND Pin=CAN-4
Added Pin To Net: NetName=Net3_A2 Pin=I2C-1
Added Pin To Net: NetName=Net3_G3 Pin=I2C-2
Added Pin To Net: NetName=Net3_H3 Pin=I2C-3
Added Pin To Net: NetName=GND Pin=I2C-4
Added Pin To Net: NetName=Net3_A2 Pin=UART-1
Added Pin To Net: NetName=Net3_C3 Pin=UART-2
Added Pin To Net: NetName=Net3_D3 Pin=UART-3
Added Pin To Net: NetName=GND Pin=UART-4
Added Member To Class: ClassName=48PinConnector Member=Component CAN 282837-4
Added Member To Class: ClassName=48PinConnector Member=Component I2C 282837-4
Added Member To Class: ClassName=48PinConnector Member=Component UART 282837-4
