Removed Pin From Net: NetName=Net3_A2 Pin=48 pin Conn-A2
Removed Pin From Net: NetName=Net3_A4 Pin=48 pin Conn-A4
Removed Pin From Net: NetName=Net3_B1 Pin=48 pin Conn-B1
Removed Pin From Net: NetName=GND Pin=48 pin Conn-B2
Removed Pin From Net: NetName=Net3_A2 Pin=48 pin Conn-E3
Removed Pin From Net: NetName=GND Pin=48 pin Conn-F3
Removed Pin From Net: NetName=Net3_A2 Pin=48 pin Conn-L2
Removed Pin From Net: NetName=Net3_B1 Pin=48 pin Conn-L4
Removed Pin From Net: NetName=Net3_B1 Pin=48 pin Conn-M1
Removed Pin From Net: NetName=GND Pin=48 pin Conn-M2
Removed Pin From Net: NetName=GND Pin=48 pin Conn-M3
Removed Pin From Net: NetName=GND Pin=48 pin Conn-M4
Removed Pin From Net: NetName=GND Pin=Batt-2
Removed Pin From Net: NetName=Net3_A4 Pin=SPI-1
Removed Pin From Net: NetName=GND Pin=SPI-2
Removed Pin From Net: NetName=Net3_A2 Pin=SPI-3
Removed Pin From Net: NetName=Net3_A4 Pin=Teensy 4.1-3.3V_1
Removed Pin From Net: NetName=Net3_A4 Pin=Teensy 4.1-3.3V_2
Removed Pin From Net: NetName=Net3_A4 Pin=Teensy 4.1-3.3V_3
Removed Pin From Net: NetName=Net3_A2 Pin=Teensy 4.1-5V
Removed Pin From Net: NetName=NetTeensy 4.1_50 Pin=Teensy 4.1-D+
Removed Pin From Net: NetName=NetTeensy 4.1_51 Pin=Teensy 4.1-D-
Removed Pin From Net: NetName=GND Pin=Teensy 4.1-GND1
Removed Pin From Net: NetName=GND Pin=Teensy 4.1-GND2
Removed Pin From Net: NetName=GND Pin=Teensy 4.1-GND3
Removed Pin From Net: NetName=GND Pin=Teensy 4.1-GND4
Removed Pin From Net: NetName=GND Pin=Teensy 4.1-GND5
Removed Pin From Net: NetName=NetTeensy 4.1_46 Pin=Teensy 4.1-PROGRAM
Removed Pin From Net: NetName=GND Pin=Teensy 4.1-USB_GND1
Removed Pin From Net: NetName=GND Pin=Teensy 4.1-USB_GND2
Removed Pin From Net: NetName=NetRTC power batt_2 Pin=Teensy 4.1-VBAT
Removed Pin From Net: NetName=Net3_A2 Pin=Teensy 4.1-VIN
Removed Member From Class: ClassName=48PinConnector Member=48 pin Conn
Removed Member From Class: ClassName=48PinConnector Member=Batt
Removed Member From Class: ClassName=48PinConnector Member=SPI
Change Component Comment : Designator=Teensy 4.1 Old Comment=TEENSY_4.1 New Comment=DEV-16771
Change Component Designator: OldDesignator=ADC Clock Gen NewDesignator=ADC Clock Generator
Change Component Designator: OldDesignator=Analog NewDesignator=Analog VREF Generator
Change Component Designator: OldDesignator=Step Down NewDesignator=Step Down Circuit
Added Component: Designator=Batt Hookup(691214110002S)
Add component (AddParameter): Name = "Contact Material"; Value = "Nickel, Tin"; VariantName = "[No Variations]"
Add component (AddParameter): Name = "Current Rating"; Value = "10A"; VariantName = "[No Variations]"
Add component (AddParameter): Name = "Height"; Value = "9.2mm"; VariantName = "[No Variations]"
Add component (AddParameter): Name = "Lead Pitch"; Value = "3.5mm"; VariantName = "[No Variations]"
Add component (AddParameter): Name = "Max Operating Temperature"; Value = "120°C"; VariantName = "[No Variations]"
Add component (AddParameter): Name = "Min Operating Temperature"; Value = "-30°C"; VariantName = "[No Variations]"
Add component (AddParameter): Name = "NexarPartId"; Value = "94172715"; VariantName = "[No Variations]"
Add component (AddParameter): Name = "Number of Contacts"; Value = "2"; VariantName = "[No Variations]"
Add component (AddParameter): Name = "Number of Pins"; Value = "2"; VariantName = "[No Variations]"
Add component (AddParameter): Name = "Number of Rows"; Value = "1"; VariantName = "[No Variations]"
Add component (AddParameter): Name = "Packaging"; Value = "Box"; VariantName = "[No Variations]"
Add component (AddParameter): Name = "Voltage Rating"; Value = "300V"; VariantName = "[No Variations]"
Added Component: Designator=J?(CONN_36638-0003_MOL)
Add component (AddParameter): Name = "Copyright"; Value = "Copyright (C) 2025 Ultra Librarian. All rights reserved."; VariantName = "[No Variations]"
Add component (AddParameter): Name = "Manufacturer_Name"; Value = "Molex Connector Corporation"; VariantName = "[No Variations]"
Add component (AddParameter): Name = "Manufacturer_Part_Number"; Value = "366380003"; VariantName = "[No Variations]"
Add component (AddParameter): Name = "RefDes"; Value = "RefDes"; VariantName = "[No Variations]"
Add component (AddParameter): Name = "Type"; Value = "Type"; VariantName = "[No Variations]"
Added Component: Designator=J?(TE_282837-4)
Add component (AddParameter): Name = "Availability"; Value = "In Stock"; VariantName = "[No Variations]"
Add component (AddParameter): Name = "Check_prices"; Value = "https://www.snapeda.com/parts/282837-4/TE+Connectivity+AMP+Connectors/view-part/?ref=eda"; VariantName = "[No Variations]"
Add component (AddParameter): Name = "EU_RoHS_Compliance"; Value = "Compliant with Exemptions"; VariantName = "[No Variations]"
Add component (AddParameter): Name = "MF"; Value = "TE Connectivity"; VariantName = "[No Variations]"
Add component (AddParameter): Name = "MP"; Value = "282837-4"; VariantName = "[No Variations]"
Add component (AddParameter): Name = "Package"; Value = "None"; VariantName = "[No Variations]"
Add component (AddParameter): Name = "Price"; Value = "None"; VariantName = "[No Variations]"
Add component (AddParameter): Name = "Purchase-URL"; Value = "https://pricing.snapeda.com/search/part/282837-4/?ref=eda"; VariantName = "[No Variations]"
Add component (AddParameter): Name = "SnapEDA_Link"; Value = "https://www.snapeda.com/parts/282837-4/TE+Connectivity+AMP+Connectors/view-part/?ref=snap"; VariantName = "[No Variations]"
Add component (AddParameter): Name = "Value"; Value = ""; VariantName = "[No Variations]"
Added Component: Designator=On/Off(TE_282837-4)
Add component (AddParameter): Name = "Availability"; Value = "In Stock"; VariantName = "[No Variations]"
Add component (AddParameter): Name = "Check_prices"; Value = "https://www.snapeda.com/parts/282837-4/TE+Connectivity+AMP+Connectors/view-part/?ref=eda"; VariantName = "[No Variations]"
Add component (AddParameter): Name = "EU_RoHS_Compliance"; Value = "Compliant with Exemptions"; VariantName = "[No Variations]"
Add component (AddParameter): Name = "MF"; Value = "TE Connectivity"; VariantName = "[No Variations]"
Add component (AddParameter): Name = "MP"; Value = "282837-4"; VariantName = "[No Variations]"
Add component (AddParameter): Name = "Package"; Value = "None"; VariantName = "[No Variations]"
Add component (AddParameter): Name = "Price"; Value = "None"; VariantName = "[No Variations]"
Add component (AddParameter): Name = "Purchase-URL"; Value = "https://pricing.snapeda.com/search/part/282837-4/?ref=eda"; VariantName = "[No Variations]"
Add component (AddParameter): Name = "SnapEDA_Link"; Value = "https://www.snapeda.com/parts/282837-4/TE+Connectivity+AMP+Connectors/view-part/?ref=snap"; VariantName = "[No Variations]"
Add component (AddParameter): Name = "Value"; Value = ""; VariantName = "[No Variations]"
Added Pin To Net: NetName=GND Pin=Batt Hookup-2
Added Pin To Net: NetName=Net3_A4 Pin=J?-1
Added Pin To Net: NetName=GND Pin=J?-2
Added Pin To Net: NetName=Net3_A2 Pin=J?-3
Added Pin To Net: NetName=Net3_A2 Pin=J?-A2
Added Pin To Net: NetName=Net3_A4 Pin=J?-A4
Added Pin To Net: NetName=Net3_B1 Pin=J?-B1
Added Pin To Net: NetName=GND Pin=J?-B2
Added Pin To Net: NetName=Net3_A2 Pin=J?-E3
Added Pin To Net: NetName=GND Pin=J?-F3
Added Pin To Net: NetName=Net3_A2 Pin=J?-L2
Added Pin To Net: NetName=Net3_B1 Pin=J?-L4
Added Pin To Net: NetName=Net3_B1 Pin=J?-M1
Added Pin To Net: NetName=GND Pin=J?-M2
Added Pin To Net: NetName=GND Pin=J?-M3
Added Pin To Net: NetName=GND Pin=J?-M4
Added Pin To Net: NetName=GND Pin=On/Off-2
Add Pin To Net: Unknown Pin: Pin Teensy 4.1-42
Add Pin To Net: Unknown Pin: Pin Teensy 4.1-43
Add Pin To Net: Unknown Pin: Pin Teensy 4.1-45
Add Pin To Net: Unknown Pin: Pin Teensy 4.1-46
Add Pin To Net: Unknown Pin: Pin Teensy 4.1-48
Add Pin To Net: Unknown Pin: Pin Teensy 4.1-49
Add Pin To Net: Unknown Pin: Pin Teensy 4.1-50
Add Pin To Net: Unknown Pin: Pin Teensy 4.1-51
Add Pin To Net: Unknown Pin: Pin Teensy 4.1-52
Add Pin To Net: Unknown Pin: Pin Teensy 4.1-55
Add Pin To Net: Unknown Pin: Pin Teensy 4.1-69
Add Pin To Net: Unknown Pin: Pin Teensy 4.1-70
Add Pin To Net: Unknown Pin: Pin Teensy 4.1-71
Added Pin To Net: NetName=Net3_A4 Pin=U?-1
Added Pin To Net: NetName=GND Pin=U?-10
Change Net Name : Old Net Name=Net3_A2 New Net Name=Net5V_1
Change Net Name : Old Net Name=Net3_A4 New Net Name=Net3V3_1
Change Net Name : Old Net Name=Net3_B1 New Net Name=NetADS1256_2
Added Pin To Net: NetName=NetADS1256_4 Pin=ADS1256-4
Added Pin To Net: NetName=NetADS1256_4 Pin=Analog VREF Generator-6
Added Pin To Net: NetName=NetADS1256_4 Pin=J?-A1
Added Pin To Net: NetName=NetADS1256_4 Pin=J?-L1
Added Net: Name=NetADS1256_4
Added Pin To Net: NetName=NetADS1256_6 Pin=ADS1256-6
Added Pin To Net: NetName=NetADS1256_6 Pin=J?-C1
Added Pin To Net: NetName=NetADS1256_6 Pin=R0?-1
Added Net: Name=NetADS1256_6
Added Pin To Net: NetName=NetADS1256_7 Pin=ADS1256-7
Added Pin To Net: NetName=NetADS1256_7 Pin=J?-D1
Added Pin To Net: NetName=NetADS1256_7 Pin=R1?-1
Added Net: Name=NetADS1256_7
Added Pin To Net: NetName=NetADS1256_8 Pin=ADS1256-8
Added Pin To Net: NetName=NetADS1256_8 Pin=J?-E1
Added Pin To Net: NetName=NetADS1256_8 Pin=R2?-1
Added Net: Name=NetADS1256_8
Added Pin To Net: NetName=NetADS1256_9 Pin=ADS1256-9
Added Pin To Net: NetName=NetADS1256_9 Pin=J?-F1
Added Pin To Net: NetName=NetADS1256_9 Pin=R3?-1
Added Net: Name=NetADS1256_9
Added Pin To Net: NetName=NetADS1256_10 Pin=ADS1256-10
Added Pin To Net: NetName=NetADS1256_10 Pin=J?-G1
Added Pin To Net: NetName=NetADS1256_10 Pin=R4?-1
Added Net: Name=NetADS1256_10
Added Pin To Net: NetName=NetADS1256_11 Pin=ADS1256-11
Added Pin To Net: NetName=NetADS1256_11 Pin=J?-H1
Added Pin To Net: NetName=NetADS1256_11 Pin=R5?-1
Added Net: Name=NetADS1256_11
Added Pin To Net: NetName=NetADS1256_12 Pin=ADS1256-12
Added Pin To Net: NetName=NetADS1256_12 Pin=J?-J1
Added Pin To Net: NetName=NetADS1256_12 Pin=R6?-1
Added Net: Name=NetADS1256_12
Added Pin To Net: NetName=NetADS1256_13 Pin=ADS1256-13
Added Pin To Net: NetName=NetADS1256_13 Pin=J?-K1
Added Pin To Net: NetName=NetADS1256_13 Pin=R7?-1
Added Net: Name=NetADS1256_13
Added Pin To Net: NetName=NetAnalog VREF Generator_2 Pin=Analog VREF Generator-2
Added Pin To Net: NetName=NetAnalog VREF Generator_2 Pin=Batt Hookup-1
Added Pin To Net: NetName=NetAnalog VREF Generator_2 Pin=J?-L3
Added Pin To Net: NetName=NetAnalog VREF Generator_2 Pin=Step Down Circuit-1
Added Net: Name=NetAnalog VREF Generator_2
Added Pin To Net: NetName=NetCAN_2 Pin=CAN-2
Added Pin To Net: NetName=NetCAN_2 Pin=J?-A3
Added Pin To Net: NetName=NetCAN_2 Pin=Teensy 4.1-30
Added Net: Name=NetCAN_2
Added Pin To Net: NetName=NetCAN_3 Pin=CAN-3
Added Pin To Net: NetName=NetCAN_3 Pin=J?-B3
Added Pin To Net: NetName=NetCAN_3 Pin=Teensy 4.1-31
Added Net: Name=NetCAN_3
Added Pin To Net: NetName=NetI2C_2 Pin=I2C-2
Added Pin To Net: NetName=NetI2C_2 Pin=J?-G3
Added Pin To Net: NetName=NetI2C_2 Pin=Teensy 4.1-18
Added Net: Name=NetI2C_2
Added Pin To Net: NetName=NetI2C_3 Pin=I2C-3
Added Pin To Net: NetName=NetI2C_3 Pin=J?-H3
Added Pin To Net: NetName=NetI2C_3 Pin=Teensy 4.1-19
Added Net: Name=NetI2C_3
Added Pin To Net: NetName=NetJ?_4 Pin=J?-4
Added Pin To Net: NetName=NetJ?_4 Pin=J?-B4
Added Pin To Net: NetName=NetJ?_4 Pin=Teensy 4.1-27
Added Net: Name=NetJ?_4
Added Pin To Net: NetName=NetJ?_5 Pin=J?-5
Added Pin To Net: NetName=NetJ?_5 Pin=J?-C4
Added Pin To Net: NetName=NetJ?_5 Pin=Teensy 4.1-1
Added Net: Name=NetJ?_5
Added Pin To Net: NetName=NetJ?_6 Pin=J?-6
Added Pin To Net: NetName=NetJ?_6 Pin=J?-D4
Added Pin To Net: NetName=NetJ?_6 Pin=Teensy 4.1-26
Added Net: Name=NetJ?_6
Added Pin To Net: NetName=NetJ?_7 Pin=J?-7
Added Pin To Net: NetName=NetJ?_7 Pin=J?-E4
Added Net: Name=NetJ?_7
Added Pin To Net: NetName=NetJ?_8 Pin=J?-8
Added Pin To Net: NetName=NetJ?_8 Pin=J?-F4
Added Pin To Net: NetName=NetJ?_8 Pin=Teensy 4.1-36
Added Net: Name=NetJ?_8
Added Pin To Net: NetName=NetJ?_9 Pin=J?-9
Added Pin To Net: NetName=NetJ?_9 Pin=J?-G4
Added Pin To Net: NetName=NetJ?_9 Pin=Teensy 4.1-37
Added Net: Name=NetJ?_9
Added Pin To Net: NetName=NetJ?_10 Pin=J?-10
Added Pin To Net: NetName=NetJ?_10 Pin=J?-H4
Added Pin To Net: NetName=NetJ?_10 Pin=Teensy 4.1-33
Added Net: Name=NetJ?_10
Added Pin To Net: NetName=NetJ?_C2 Pin=J?-C2
Added Pin To Net: NetName=NetJ?_C2 Pin=Teensy 4.1-14
Added Net: Name=NetJ?_C2
Added Pin To Net: NetName=NetJ?_C3 Pin=J?-C3
Added Pin To Net: NetName=NetJ?_C3 Pin=Teensy 4.1-7
Added Pin To Net: NetName=NetJ?_C3 Pin=U?-2
Added Pin To Net: NetName=NetJ?_C3 Pin=UART-2
Added Net: Name=NetJ?_C3
Added Pin To Net: NetName=NetJ?_D2 Pin=J?-D2
Added Pin To Net: NetName=NetJ?_D2 Pin=Teensy 4.1-15
Added Net: Name=NetJ?_D2
Added Pin To Net: NetName=NetJ?_D3 Pin=J?-D3
Added Pin To Net: NetName=NetJ?_D3 Pin=Teensy 4.1-8
Added Pin To Net: NetName=NetJ?_D3 Pin=U?-3
Added Pin To Net: NetName=NetJ?_D3 Pin=UART-3
Added Net: Name=NetJ?_D3
Added Pin To Net: NetName=NetJ?_E2 Pin=J?-E2
Added Pin To Net: NetName=NetJ?_E2 Pin=Teensy 4.1-16
Added Net: Name=NetJ?_E2
Added Pin To Net: NetName=NetJ?_F2 Pin=J?-F2
Added Pin To Net: NetName=NetJ?_F2 Pin=Teensy 4.1-17
Added Net: Name=NetJ?_F2
Added Pin To Net: NetName=NetJ?_G2 Pin=J?-G2
Added Pin To Net: NetName=NetJ?_G2 Pin=Teensy 4.1-25
Added Net: Name=NetJ?_G2
Added Pin To Net: NetName=NetJ?_H2 Pin=J?-H2
Added Pin To Net: NetName=NetJ?_H2 Pin=Teensy 4.1-41
Added Net: Name=NetJ?_H2
Added Pin To Net: NetName=NetJ?_J2 Pin=J?-J2
Added Pin To Net: NetName=NetJ?_J2 Pin=Teensy 4.1-20
Added Net: Name=NetJ?_J2
Added Pin To Net: NetName=NetJ?_K2 Pin=J?-K2
Added Pin To Net: NetName=NetJ?_K2 Pin=Teensy 4.1-21
Added Net: Name=NetJ?_K2
Added Pin To Net: NetName=NetOn/Off_1 Pin=On/Off-1
Added Net: Name=NetOn/Off_1
Added Member To Class: ClassName=48PinConnector Member=Component Batt Hookup 691214110002S
Added Member To Class: ClassName=48PinConnector Member=Component J? 366380003
Added Member To Class: ClassName=48PinConnector Member=Component J? 282837-4
Added Member To Class: ClassName=48PinConnector Member=Component On/Off 282837-4
