Removed Pin From Net: NetName=NetADS1256_6 Pin=3V3-1
Removed Pin From Net: NetName=NetADS1256_6 Pin=3V3-2
Removed Pin From Net: NetName=NetADS1256_6 Pin=3V3-3
Removed Pin From Net: NetName=NetADS1256_6 Pin=3V3-4
Removed Pin From Net: NetName=NetADS1256_6 Pin=3V3-5
Removed Pin From Net: NetName=Net3V3_1 Pin=Teensy 4.1-3.3V_1
Removed Pin From Net: NetName=Net3V3_1 Pin=Teensy 4.1-3.3V_2
Removed Pin From Net: NetName=Net5V_1 Pin=Teensy 4.1-5V
Removed Pin From Net: NetName=GND Pin=Teensy 4.1-GND1
Removed Pin From Net: NetName=GND Pin=Teensy 4.1-GND2
Removed Pin From Net: NetName=GND Pin=Teensy 4.1-GND3
Removed Pin From Net: NetName=GND Pin=Teensy 4.1-GND4
Removed Pin From Net: NetName=GND Pin=Teensy 4.1-GND5
Removed Pin From Net: NetName=NetI/O_1 Pin=Teensy 4.1-ON/OFF
Removed Pin From Net: NetName=NetRTC power batt_2 Pin=Teensy 4.1-VBAT
Removed Pin From Net: NetName=Net5V_1 Pin=Teensy 4.1-VIN
Change Component Designator: OldDesignator= NewDesignator=1
Change Component Designator: OldDesignator= NewDesignator=2
Change Component Designator: OldDesignator=3 NewDesignator=Btn 3
Change Component Designator: OldDesignator=4 NewDesignator=Btn 4
Change Component Designator: OldDesignator=ADC Clock Gen NewDesignator=ADC Clock Generator
Change Component Designator: OldDesignator=VREF Gen NewDesignator=Analog VREF Generator
Added Pin To Net: NetName=Net3V3_1 Pin=3V3-1
Added Pin To Net: NetName=Net3V3_1 Pin=3V3-2
Added Pin To Net: NetName=Net3V3_1 Pin=3V3-3
Added Pin To Net: NetName=Net3V3_1 Pin=3V3-4
Added Pin To Net: NetName=Net3V3_1 Pin=3V3-5
Add Pin To Net: Unknown Pin: Pin Teensy 4.1-42
Add Pin To Net: Unknown Pin: Pin Teensy 4.1-43
Add Pin To Net: Unknown Pin: Pin Teensy 4.1-45
Add Pin To Net: Unknown Pin: Pin Teensy 4.1-46
Add Pin To Net: Unknown Pin: Pin Teensy 4.1-47
Add Pin To Net: Unknown Pin: Pin Teensy 4.1-48
Add Pin To Net: Unknown Pin: Pin Teensy 4.1-49
Add Pin To Net: Unknown Pin: Pin Teensy 4.1-50
Add Pin To Net: Unknown Pin: Pin Teensy 4.1-51
Add Pin To Net: Unknown Pin: Pin Teensy 4.1-52
Add Pin To Net: Unknown Pin: Pin Teensy 4.1-55
Add Pin To Net: Unknown Pin: Pin Teensy 4.1-57
Add Pin To Net: Unknown Pin: Pin Teensy 4.1-69
Add Pin To Net: Unknown Pin: Pin Teensy 4.1-70
Add Pin To Net: Unknown Pin: Pin Teensy 4.1-71
Change Net Name : Old Net Name=NetADS1256_2 New Net Name=Net48 Pin Conn_B1
Change Net Name : Old Net Name=NetADS1256_4 New Net Name=Net48 Pin Conn_A1
Change Net Name : Old Net Name=NetADS1256_6 New Net Name=Net48 Pin Conn_C1
Change Net Name : Old Net Name=NetADS1256_8 New Net Name=Net48 Pin Conn_E1
Change Net Name : Old Net Name=NetADS1256_9 New Net Name=Net48 Pin Conn_F1
Change Net Name : Old Net Name=NetADS1256_10 New Net Name=Net48 Pin Conn_G1
Change Net Name : Old Net Name=NetADS1256_11 New Net Name=Net48 Pin Conn_H1
Change Net Name : Old Net Name=NetADS1256_12 New Net Name=Net48 Pin Conn_J1
Change Net Name : Old Net Name=NetADS1256_13 New Net Name=Net48 Pin Conn_K1
Change Net Name : Old Net Name=NetAnalog VREF Generator_2 New Net Name=Net12V_1
Change Net Name : Old Net Name=NetCAN_2 New Net Name=Net48 Pin Conn_A3
Change Net Name : Old Net Name=NetCAN_3 New Net Name=Net48 Pin Conn_B3
Change Net Name : Old Net Name=NetI2C_2 New Net Name=Net48 Pin Conn_G3
Change Net Name : Old Net Name=NetI2C_3 New Net Name=Net48 Pin Conn_H3
Change Net Name : Old Net Name=NetJ?_4 New Net Name=Net48 Pin Conn_B4
Change Net Name : Old Net Name=NetJ?_5 New Net Name=Net48 Pin Conn_C4
Change Net Name : Old Net Name=NetJ?_6 New Net Name=Net48 Pin Conn_D4
Change Net Name : Old Net Name=NetJ?_8 New Net Name=Net48 Pin Conn_F4
Change Net Name : Old Net Name=NetJ?_9 New Net Name=Net48 Pin Conn_G4
Change Net Name : Old Net Name=NetJ?_10 New Net Name=Net48 Pin Conn_H4
Change Net Name : Old Net Name=NetJ?_C2 New Net Name=Net48 Pin Conn_C2
Change Net Name : Old Net Name=NetJ?_C3 New Net Name=Net48 Pin Conn_C3
Change Net Name : Old Net Name=NetJ?_D2 New Net Name=Net48 Pin Conn_D2
Change Net Name : Old Net Name=NetJ?_D3 New Net Name=Net48 Pin Conn_D3
Change Net Name : Old Net Name=NetJ?_F2 New Net Name=Net48 Pin Conn_F2
Change Net Name : Old Net Name=NetJ?_G2 New Net Name=Net48 Pin Conn_G2
Change Net Name : Old Net Name=NetJ?_H2 New Net Name=Net48 Pin Conn_H2
Change Net Name : Old Net Name=NetJ?_J2 New Net Name=Net48 Pin Conn_J2
Change Net Name : Old Net Name=NetJ?_K2 New Net Name=Net48 Pin Conn_K2
Added Member To Class: ClassName=MainSchematic.2 Member=Component 1 282837-4
Added Member To Class: ClassName=MainSchematic.2 Member=Component 2 282837-4
