Change Component Footprint: Designator=J? Old Footprint=FP-64320-1319-MFG New Footprint=CONN_SD-500762-001_MOL
Change Component Comment : Designator=J? Old Comment=64320-1319 New Comment=5007620481
Change Managed Component Library Link : Designator=J? Old VaultGUID=B7D15EC3-160A-466F-A46C-7801FE6295A7 New VaultGUID= Old ItemGUID=BFDCFF56-D777-4B1F-8625-769C22BCECCC New ItemGUID= Old RevisionGUID=019AB3F1-FCC8-401B-8EBA-0C6F20458463 New RevisionGUID=
Change component parameters: Designator = "J?" ("J?"); Footprint = "FP-64320-1319-MFG"; UniqueID = "\DVOYHOKQ" ("\DVOYHOKQ")
Change component parameters (AddParameter): Name = "Copyright"; Value = "Copyright (C) 2025 Ultra Librarian. All rights reserved."; VariantName = "[No Variations]"
Change component parameters (AddParameter): Name = "Manufacturer_Name"; Value = "Molex Connector Corporation"; VariantName = "[No Variations]"
Change component parameters (AddParameter): Name = "Manufacturer_Part_Number"; Value = "5007620481"; VariantName = "[No Variations]"
Change component parameters (AddParameter): Name = "RefDes"; Value = "RefDes"; VariantName = "[No Variations]"
Change component parameters (AddParameter): Name = "Type"; Value = "Type"; VariantName = "[No Variations]"
Add component: Footprint Not Found TEENSY41
Added Pin To Net: NetName=NetADS1256_6 Pin=J?-A1
Added Pin To Net: NetName=NetADS1256_7 Pin=J?-A2
Added Pin To Net: NetName=NetADS1256_8 Pin=J?-A3
Added Pin To Net: NetName=NetADS1256_9 Pin=J?-A4
Added Pin To Net: NetName=NetADS1256_10 Pin=J?-B1
Added Pin To Net: NetName=NetADS1256_11 Pin=J?-B2
Added Pin To Net: NetName=NetADS1256_12 Pin=J?-B3
Added Pin To Net: NetName=NetADS1256_13 Pin=J?-B4
Added Pin To Net: NetName=NetADS1256_4 Pin=J?-L1
Added Pin To Net: NetName=NetADS1256_2 Pin=J?-L2
Added Pin To Net: NetName=NetADS1256_1 Pin=J?-L3
Added Pin To Net: NetName=GND Pin=J?-L4
Added Pin To Net: NetName=NetAnalog VREF Generator_2 Pin=J?-M1
Added Pin To Net: NetName=NetADC Clock Generator_14 Pin=J?-M2
Add Pin To Net: Unknown Pin: Pin Teensy 4.1-1
Add Pin To Net: Unknown Pin: Pin Teensy 4.1-2
Add Pin To Net: Unknown Pin: Pin Teensy 4.1-3
Add Pin To Net: Unknown Pin: Pin Teensy 4.1-4
Add Pin To Net: Unknown Pin: Pin Teensy 4.1-5
Add Pin To Net: Unknown Pin: Pin Teensy 4.1-6
Add Pin To Net: Unknown Pin: Pin Teensy 4.1-7
Add Pin To Net: Unknown Pin: Pin Teensy 4.1-8
Add Pin To Net: Unknown Pin: Pin Teensy 4.1-9
Add Pin To Net: Unknown Pin: Pin Teensy 4.1-10
Add Pin To Net: Unknown Pin: Pin Teensy 4.1-11
Add Pin To Net: Unknown Pin: Pin Teensy 4.1-12
Add Pin To Net: Unknown Pin: Pin Teensy 4.1-13
Add Pin To Net: Unknown Pin: Pin Teensy 4.1-18
Add Pin To Net: Unknown Pin: Pin Teensy 4.1-19
Add Pin To Net: Unknown Pin: Pin Teensy 4.1-22
Add Pin To Net: Unknown Pin: Pin Teensy 4.1-23
Add Pin To Net: Unknown Pin: Pin Teensy 4.1-24
Add Pin To Net: Unknown Pin: Pin Teensy 4.1-26
Add Pin To Net: Unknown Pin: Pin Teensy 4.1-27
Add Pin To Net: Unknown Pin: Pin Teensy 4.1-28
Add Pin To Net: Unknown Pin: Pin Teensy 4.1-29
Add Pin To Net: Unknown Pin: Pin Teensy 4.1-30
Add Pin To Net: Unknown Pin: Pin Teensy 4.1-31
Add Pin To Net: Unknown Pin: Pin Teensy 4.1-32
Add Pin To Net: Unknown Pin: Pin Teensy 4.1-33
Add Pin To Net: Unknown Pin: Pin Teensy 4.1-34
Add Pin To Net: Unknown Pin: Pin Teensy 4.1-35
Add Pin To Net: Unknown Pin: Pin Teensy 4.1-36
Add Pin To Net: Unknown Pin: Pin Teensy 4.1-37
Add Pin To Net: Unknown Pin: Pin Teensy 4.1-38
Add Pin To Net: Unknown Pin: Pin Teensy 4.1-39
Add Pin To Net: Unknown Pin: Pin Teensy 4.1-40
Add Pin To Net: Unknown Pin: Pin Teensy 4.1-42
Add Pin To Net: Unknown Pin: Pin Teensy 4.1-43
Add Pin To Net: Unknown Pin: Pin Teensy 4.1-45
Add Pin To Net: Unknown Pin: Pin Teensy 4.1-46
Add Pin To Net: Unknown Pin: Pin Teensy 4.1-47
Add Pin To Net: Unknown Pin: Pin Teensy 4.1-48
Add Pin To Net: Unknown Pin: Pin Teensy 4.1-49
Add Pin To Net: Unknown Pin: Pin Teensy 4.1-50
Add Pin To Net: Unknown Pin: Pin Teensy 4.1-51
Add Pin To Net: Unknown Pin: Pin Teensy 4.1-52
Add Pin To Net: Unknown Pin: Pin Teensy 4.1-55
Add Pin To Net: Unknown Pin: Pin Teensy 4.1-57
Add Pin To Net: Unknown Pin: Pin Teensy 4.1-69
Add Pin To Net: Unknown Pin: Pin Teensy 4.1-70
Add Pin To Net: Unknown Pin: Pin Teensy 4.1-71
Added Pin To Net: NetName=NetJ?_C1 Pin=J?-C1
Added Net: Name=NetJ?_C1
Added Pin To Net: NetName=NetJ?_C2 Pin=J?-C2
Added Net: Name=NetJ?_C2
Added Pin To Net: NetName=NetJ?_C3 Pin=J?-C3
Added Net: Name=NetJ?_C3
Added Pin To Net: NetName=NetJ?_C4 Pin=J?-C4
Added Net: Name=NetJ?_C4
Added Pin To Net: NetName=NetJ?_D1 Pin=J?-D1
Added Net: Name=NetJ?_D1
Added Pin To Net: NetName=NetJ?_D2 Pin=J?-D2
Added Net: Name=NetJ?_D2
Added Pin To Net: NetName=NetJ?_D3 Pin=J?-D3
Added Net: Name=NetJ?_D3
Added Pin To Net: NetName=NetJ?_D4 Pin=J?-D4
Added Net: Name=NetJ?_D4
Add Class Member: Failed to add class member : Component Teensy 4.1 TEENSY_4.1
