Removed Pin From Net: NetName=NetADC0_A2 Pin=ADS1256-6
Removed Pin From Net: NetName=NetADC1_A2 Pin=ADS1256-7
Removed Pin From Net: NetName=NetADC2_A2 Pin=ADS1256-8
Removed Pin From Net: NetName=NetADC3_A2 Pin=ADS1256-9
Removed Pin From Net: NetName=NetADC4_A2 Pin=ADS1256-10
Removed Pin From Net: NetName=NetADC5_A2 Pin=ADS1256-11
Removed Pin From Net: NetName=NetADC6_A2 Pin=ADS1256-12
Removed Pin From Net: NetName=NetADC7_A2 Pin=ADS1256-13
Removed Pin From Net: NetName=NetADC0_A2 Pin=R0?-1
Removed Pin From Net: NetName=NetADC1_A2 Pin=R1?-1
Removed Pin From Net: NetName=NetADC3_A2 Pin=R3?-1
Removed Pin From Net: NetName=NetADC4_A2 Pin=R4?-1
Removed Pin From Net: NetName=NetADC5_A2 Pin=R5?-1
Removed Pin From Net: NetName=NetADC6_A2 Pin=R6?-1
Removed Pin From Net: NetName=NetADC7_A2 Pin=R7?-1
Added Pin To Net: NetName=NetADC2_A2 Pin=C2?-2
Added Pin To Net: NetName=NetADC0_A2 Pin=R0?-2
Added Pin To Net: NetName=NetADC1_A2 Pin=R1?-2
Added Pin To Net: NetName=NetADC2_A2 Pin=R2?-2
Added Pin To Net: NetName=NetADC3_A2 Pin=R3?-2
Added Pin To Net: NetName=NetADC4_A2 Pin=R4?-2
Added Pin To Net: NetName=NetADC5_A2 Pin=R5?-2
Added Pin To Net: NetName=NetADC6_A2 Pin=R6?-2
Added Pin To Net: NetName=NetADC7_A2 Pin=R7?-2
Added Pin To Net: NetName=NetADS1256_6 Pin=ADS1256-6
Added Pin To Net: NetName=NetADS1256_6 Pin=C0?-2
Added Pin To Net: NetName=NetADS1256_6 Pin=R0?-1
Added Net: Name=NetADS1256_6
Added Pin To Net: NetName=NetADS1256_7 Pin=ADS1256-7
Added Pin To Net: NetName=NetADS1256_7 Pin=C1?-2
Added Pin To Net: NetName=NetADS1256_7 Pin=R1?-1
Added Net: Name=NetADS1256_7
Added Pin To Net: NetName=NetADS1256_8 Pin=ADS1256-8
Added Net: Name=NetADS1256_8
Added Pin To Net: NetName=NetADS1256_9 Pin=ADS1256-9
Added Pin To Net: NetName=NetADS1256_9 Pin=C3?-2
Added Pin To Net: NetName=NetADS1256_9 Pin=R3?-1
Added Net: Name=NetADS1256_9
Added Pin To Net: NetName=NetADS1256_10 Pin=ADS1256-10
Added Pin To Net: NetName=NetADS1256_10 Pin=C4?-2
Added Pin To Net: NetName=NetADS1256_10 Pin=R4?-1
Added Net: Name=NetADS1256_10
Added Pin To Net: NetName=NetADS1256_11 Pin=ADS1256-11
Added Pin To Net: NetName=NetADS1256_11 Pin=C5?-2
Added Pin To Net: NetName=NetADS1256_11 Pin=R5?-1
Added Net: Name=NetADS1256_11
Added Pin To Net: NetName=NetADS1256_12 Pin=ADS1256-12
Added Pin To Net: NetName=NetADS1256_12 Pin=C6?-2
Added Pin To Net: NetName=NetADS1256_12 Pin=R6?-1
Added Net: Name=NetADS1256_12
Added Pin To Net: NetName=NetADS1256_13 Pin=ADS1256-13
Added Pin To Net: NetName=NetADS1256_13 Pin=C7?-2
Added Pin To Net: NetName=NetADS1256_13 Pin=R7?-1
Added Net: Name=NetADS1256_13
