Added Component: Designator=DBG1(FP-TD-110-G-AA-MFG)
Add component (AddParameter): Name = "Contact Material"; Value = "Brass"; VariantName = "[No Variations]"
Add component (AddParameter): Name = "Contact Plating"; Value = "Gold"; VariantName = "[No Variations]"
Add component (AddParameter): Name = "Gender"; Value = "Male"; VariantName = "[No Variations]"
Add component (AddParameter): Name = "Mount"; Value = "Through Hole"; VariantName = "[No Variations]"
Add component (AddParameter): Name = "Number of Contacts"; Value = "20"; VariantName = "[No Variations]"
Add component (AddParameter): Name = "Number of Rows"; Value = "2"; VariantName = "[No Variations]"
Add component (AddParameter): Name = "REACH SVHC"; Value = "No SVHC"; VariantName = "[No Variations]"
Add component (AddParameter): Name = "Series"; Value = "TD"; VariantName = "[No Variations]"
Add component (AddParameter): Name = "Termination"; Value = "Through Hole"; VariantName = "[No Variations]"
Added Component: Designator=DBG2(FP-TD-110-G-AA-MFG)
Add component (AddParameter): Name = "Contact Material"; Value = "Brass"; VariantName = "[No Variations]"
Add component (AddParameter): Name = "Contact Plating"; Value = "Gold"; VariantName = "[No Variations]"
Add component (AddParameter): Name = "Gender"; Value = "Male"; VariantName = "[No Variations]"
Add component (AddParameter): Name = "Mount"; Value = "Through Hole"; VariantName = "[No Variations]"
Add component (AddParameter): Name = "Number of Contacts"; Value = "20"; VariantName = "[No Variations]"
Add component (AddParameter): Name = "Number of Rows"; Value = "2"; VariantName = "[No Variations]"
Add component (AddParameter): Name = "REACH SVHC"; Value = "No SVHC"; VariantName = "[No Variations]"
Add component (AddParameter): Name = "Series"; Value = "TD"; VariantName = "[No Variations]"
Add component (AddParameter): Name = "Termination"; Value = "Through Hole"; VariantName = "[No Variations]"
Added Component: Designator=DBG3(FP-TD-110-G-AA-MFG)
Add component (AddParameter): Name = "Contact Material"; Value = "Brass"; VariantName = "[No Variations]"
Add component (AddParameter): Name = "Contact Plating"; Value = "Gold"; VariantName = "[No Variations]"
Add component (AddParameter): Name = "Gender"; Value = "Male"; VariantName = "[No Variations]"
Add component (AddParameter): Name = "Mount"; Value = "Through Hole"; VariantName = "[No Variations]"
Add component (AddParameter): Name = "Number of Contacts"; Value = "20"; VariantName = "[No Variations]"
Add component (AddParameter): Name = "Number of Rows"; Value = "2"; VariantName = "[No Variations]"
Add component (AddParameter): Name = "REACH SVHC"; Value = "No SVHC"; VariantName = "[No Variations]"
Add component (AddParameter): Name = "Series"; Value = "TD"; VariantName = "[No Variations]"
Add component (AddParameter): Name = "Termination"; Value = "Through Hole"; VariantName = "[No Variations]"
Added Component: Designator=DBG4(FP-TD-110-G-AA-MFG)
Add component (AddParameter): Name = "Contact Material"; Value = "Brass"; VariantName = "[No Variations]"
Add component (AddParameter): Name = "Contact Plating"; Value = "Gold"; VariantName = "[No Variations]"
Add component (AddParameter): Name = "Gender"; Value = "Male"; VariantName = "[No Variations]"
Add component (AddParameter): Name = "Mount"; Value = "Through Hole"; VariantName = "[No Variations]"
Add component (AddParameter): Name = "Number of Contacts"; Value = "20"; VariantName = "[No Variations]"
Add component (AddParameter): Name = "Number of Rows"; Value = "2"; VariantName = "[No Variations]"
Add component (AddParameter): Name = "REACH SVHC"; Value = "No SVHC"; VariantName = "[No Variations]"
Add component (AddParameter): Name = "Series"; Value = "TD"; VariantName = "[No Variations]"
Add component (AddParameter): Name = "Termination"; Value = "Through Hole"; VariantName = "[No Variations]"
Added Component: Designator=DBG5(FP-TD-110-G-AA-MFG)
Add component (AddParameter): Name = "Contact Material"; Value = "Brass"; VariantName = "[No Variations]"
Add component (AddParameter): Name = "Contact Plating"; Value = "Gold"; VariantName = "[No Variations]"
Add component (AddParameter): Name = "Gender"; Value = "Male"; VariantName = "[No Variations]"
Add component (AddParameter): Name = "Mount"; Value = "Through Hole"; VariantName = "[No Variations]"
Add component (AddParameter): Name = "Number of Contacts"; Value = "20"; VariantName = "[No Variations]"
Add component (AddParameter): Name = "Number of Rows"; Value = "2"; VariantName = "[No Variations]"
Add component (AddParameter): Name = "REACH SVHC"; Value = "No SVHC"; VariantName = "[No Variations]"
Add component (AddParameter): Name = "Series"; Value = "TD"; VariantName = "[No Variations]"
Add component (AddParameter): Name = "Termination"; Value = "Through Hole"; VariantName = "[No Variations]"
Added Component: Designator=DBG6(FP-TD-110-G-AA-MFG)
Add component (AddParameter): Name = "Contact Material"; Value = "Brass"; VariantName = "[No Variations]"
Add component (AddParameter): Name = "Contact Plating"; Value = "Gold"; VariantName = "[No Variations]"
Add component (AddParameter): Name = "Gender"; Value = "Male"; VariantName = "[No Variations]"
Add component (AddParameter): Name = "Mount"; Value = "Through Hole"; VariantName = "[No Variations]"
Add component (AddParameter): Name = "Number of Contacts"; Value = "20"; VariantName = "[No Variations]"
Add component (AddParameter): Name = "Number of Rows"; Value = "2"; VariantName = "[No Variations]"
Add component (AddParameter): Name = "REACH SVHC"; Value = "No SVHC"; VariantName = "[No Variations]"
Add component (AddParameter): Name = "Series"; Value = "TD"; VariantName = "[No Variations]"
Add component (AddParameter): Name = "Termination"; Value = "Through Hole"; VariantName = "[No Variations]"
Added Component: Designator=RTC power batt(FP-101-MFG)
Add component (AddParameter): Name = "Body Material"; Value = "PBT"; VariantName = "[No Variations]"
Add component (AddParameter): Name = "Contact Plating"; Value = "Tin"; VariantName = "[No Variations]"
Add component (AddParameter): Name = "Lead Free"; Value = "Lead Free"; VariantName = "[No Variations]"
Add component (AddParameter): Name = "Material"; Value = "Steel"; VariantName = "[No Variations]"
Add component (AddParameter): Name = "Max Operating Temperature"; Value = "145°C"; VariantName = "[No Variations]"
Add component (AddParameter): Name = "Min Operating Temperature"; Value = "-50°C"; VariantName = "[No Variations]"
Add component (AddParameter): Name = "Mount"; Value = "Through Hole"; VariantName = "[No Variations]"
Add component (AddParameter): Name = "Number of Batteries"; Value = "1"; VariantName = "[No Variations]"
Add component (AddParameter): Name = "Number of Cells"; Value = "1"; VariantName = "[No Variations]"
Add component (AddParameter): Name = "Package Quantity"; Value = "1"; VariantName = "[No Variations]"
Add component (AddParameter): Name = "Packaging"; Value = "Bag"; VariantName = "[No Variations]"
Add component (AddParameter): Name = "REACH SVHC"; Value = "No SVHC"; VariantName = "[No Variations]"
Add component (AddParameter): Name = "Series"; Value = "-"; VariantName = "[No Variations]"
Add component (AddParameter): Name = "Termination"; Value = "PC Pin"; VariantName = "[No Variations]"
Added Pin To Net: NetName=NetADS1256_20 Pin=DBG1-19
Added Pin To Net: NetName=NetADS1256_23 Pin=DBG2-1
Added Pin To Net: NetName=NetADS1256_22 Pin=DBG2-3
Added Pin To Net: NetName=NetADS1256_24 Pin=DBG2-5
Added Pin To Net: NetName=Net14_A2 Pin=DBG2-7
Added Pin To Net: NetName=Net15_A2 Pin=DBG2-9
Added Pin To Net: NetName=Net16_A2 Pin=DBG2-11
Added Pin To Net: NetName=Net17_A2 Pin=DBG2-13
Added Pin To Net: NetName=Net20_A2 Pin=DBG2-19
Added Pin To Net: NetName=Net21_A2 Pin=DBG3-1
Added Pin To Net: NetName=NetADS1256_21 Pin=DBG3-3
Added Pin To Net: NetName=NetADS1256_15 Pin=DBG3-5
Added Pin To Net: NetName=NetADS1256_14 Pin=DBG3-7
Added Pin To Net: NetName=Net25_A2 Pin=DBG3-9
Added Pin To Net: NetName=NetCAN_2 Pin=DBG3-19
Added Pin To Net: NetName=NetCAN_3 Pin=DBG4-1
Added Pin To Net: NetName=Net41_A2 Pin=DBG5-1
Added Pin To Net: NetName=NetADC Clock Generator_1 Pin=DBG5-13
Added Pin To Net: NetName=Net14_A1 Pin=DBG5-17
Added Pin To Net: NetName=NetAnalog VREF Generator_2 Pin=DBG5-19
Added Pin To Net: NetName=NetADC0_A1 Pin=DBG6-1
Added Pin To Net: NetName=NetADC Clock Generator_4 Pin=DBG6-3
Added Pin To Net: NetName=NetADC0_A2 Pin=DBG6-5
Added Pin To Net: NetName=NetADC1_A2 Pin=DBG6-7
Added Pin To Net: NetName=NetADC2_A2 Pin=DBG6-9
Added Pin To Net: NetName=NetADC3_A2 Pin=DBG6-11
Added Pin To Net: NetName=NetADC4_A2 Pin=DBG6-13
Added Pin To Net: NetName=NetADC5_A2 Pin=DBG6-15
Added Pin To Net: NetName=NetADC6_A2 Pin=DBG6-17
Added Pin To Net: NetName=NetADC7_A2 Pin=DBG6-19
Added Pin To Net: NetName=GND Pin=RTC power batt-1
Added Pin To Net: NetName=Net14_A1 Pin=Step Down Circuit-3
Added Pin To Net: NetName=Net14_A1 Pin=Teensy 4.1-55
Added Pin To Net: NetName=NetDBG1_1 Pin=DBG1-1
Added Pin To Net: NetName=NetDBG1_1 Pin=SPI-5
Added Pin To Net: NetName=NetDBG1_1 Pin=Teensy 4.1-1
Added Net: Name=NetDBG1_1
Added Pin To Net: NetName=NetDBG1_3 Pin=DBG1-3
Added Pin To Net: NetName=NetDBG1_3 Pin=Teensy 4.1-2
Added Net: Name=NetDBG1_3
Added Pin To Net: NetName=NetDBG1_5 Pin=DBG1-5
Added Pin To Net: NetName=NetDBG1_5 Pin=Teensy 4.1-3
Added Net: Name=NetDBG1_5
Added Pin To Net: NetName=NetDBG1_7 Pin=DBG1-7
Added Pin To Net: NetName=NetDBG1_7 Pin=Teensy 4.1-4
Added Net: Name=NetDBG1_7
Added Pin To Net: NetName=NetDBG1_9 Pin=DBG1-9
Added Pin To Net: NetName=NetDBG1_9 Pin=Teensy 4.1-5
Added Net: Name=NetDBG1_9
Added Pin To Net: NetName=NetDBG1_11 Pin=DBG1-11
Added Pin To Net: NetName=NetDBG1_11 Pin=Teensy 4.1-6
Added Net: Name=NetDBG1_11
Added Pin To Net: NetName=NetDBG1_13 Pin=DBG1-13
Added Pin To Net: NetName=NetDBG1_13 Pin=Teensy 4.1-7
Added Pin To Net: NetName=NetDBG1_13 Pin=UART-2
Added Net: Name=NetDBG1_13
Added Pin To Net: NetName=NetDBG1_15 Pin=DBG1-15
Added Pin To Net: NetName=NetDBG1_15 Pin=Teensy 4.1-8
Added Pin To Net: NetName=NetDBG1_15 Pin=UART-3
Added Net: Name=NetDBG1_15
Added Pin To Net: NetName=NetDBG1_17 Pin=DBG1-17
Added Pin To Net: NetName=NetDBG1_17 Pin=Teensy 4.1-9
Added Net: Name=NetDBG1_17
Added Pin To Net: NetName=NetDBG2_15 Pin=DBG2-15
Added Pin To Net: NetName=NetDBG2_15 Pin=I2C-2
Added Pin To Net: NetName=NetDBG2_15 Pin=Teensy 4.1-18
Added Net: Name=NetDBG2_15
Added Pin To Net: NetName=NetDBG2_17 Pin=DBG2-17
Added Pin To Net: NetName=NetDBG2_17 Pin=I2C-3
Added Pin To Net: NetName=NetDBG2_17 Pin=Teensy 4.1-19
Added Net: Name=NetDBG2_17
Added Pin To Net: NetName=NetDBG3_11 Pin=DBG3-11
Added Pin To Net: NetName=NetDBG3_11 Pin=SPI-6
Added Pin To Net: NetName=NetDBG3_11 Pin=Teensy 4.1-26
Added Net: Name=NetDBG3_11
Added Pin To Net: NetName=NetDBG3_13 Pin=DBG3-13
Added Pin To Net: NetName=NetDBG3_13 Pin=SPI-4
Added Pin To Net: NetName=NetDBG3_13 Pin=Teensy 4.1-27
Added Net: Name=NetDBG3_13
Added Pin To Net: NetName=NetDBG3_15 Pin=DBG3-15
Added Pin To Net: NetName=NetDBG3_15 Pin=Teensy 4.1-28
Added Net: Name=NetDBG3_15
Added Pin To Net: NetName=NetDBG3_17 Pin=DBG3-17
Added Pin To Net: NetName=NetDBG3_17 Pin=Teensy 4.1-29
Added Net: Name=NetDBG3_17
Added Pin To Net: NetName=NetDBG4_3 Pin=DBG4-3
Added Pin To Net: NetName=NetDBG4_3 Pin=Teensy 4.1-32
Added Net: Name=NetDBG4_3
Added Pin To Net: NetName=NetDBG4_5 Pin=DBG4-5
Added Pin To Net: NetName=NetDBG4_5 Pin=SPI-10
Added Pin To Net: NetName=NetDBG4_5 Pin=Teensy 4.1-33
Added Net: Name=NetDBG4_5
Added Pin To Net: NetName=NetDBG4_7 Pin=DBG4-7
Added Pin To Net: NetName=NetDBG4_7 Pin=Teensy 4.1-34
Added Net: Name=NetDBG4_7
Added Pin To Net: NetName=NetDBG4_9 Pin=DBG4-9
Added Pin To Net: NetName=NetDBG4_9 Pin=Teensy 4.1-35
Added Net: Name=NetDBG4_9
Added Pin To Net: NetName=NetDBG4_11 Pin=DBG4-11
Added Pin To Net: NetName=NetDBG4_11 Pin=SPI-8
Added Pin To Net: NetName=NetDBG4_11 Pin=Teensy 4.1-36
Added Net: Name=NetDBG4_11
Added Pin To Net: NetName=NetDBG4_13 Pin=DBG4-13
Added Pin To Net: NetName=NetDBG4_13 Pin=SPI-9
Added Pin To Net: NetName=NetDBG4_13 Pin=Teensy 4.1-37
Added Net: Name=NetDBG4_13
Added Pin To Net: NetName=NetDBG4_15 Pin=DBG4-15
Added Pin To Net: NetName=NetDBG4_15 Pin=Teensy 4.1-38
Added Net: Name=NetDBG4_15
Added Pin To Net: NetName=NetDBG4_17 Pin=DBG4-17
Added Pin To Net: NetName=NetDBG4_17 Pin=Teensy 4.1-39
Added Net: Name=NetDBG4_17
Added Pin To Net: NetName=NetDBG4_19 Pin=DBG4-19
Added Pin To Net: NetName=NetDBG4_19 Pin=Teensy 4.1-40
Added Net: Name=NetDBG4_19
Added Pin To Net: NetName=NetDBG5_3 Pin=DBG5-3
Added Pin To Net: NetName=NetDBG5_3 Pin=Teensy 4.1-46
Added Net: Name=NetDBG5_3
Added Pin To Net: NetName=NetDBG5_5 Pin=DBG5-5
Added Pin To Net: NetName=NetDBG5_5 Pin=Teensy 4.1-47
Added Net: Name=NetDBG5_5
Added Pin To Net: NetName=NetDBG5_7 Pin=DBG5-7
Added Pin To Net: NetName=NetDBG5_7 Pin=Teensy 4.1-50
Added Net: Name=NetDBG5_7
Added Pin To Net: NetName=NetDBG5_9 Pin=DBG5-9
Added Pin To Net: NetName=NetDBG5_9 Pin=Teensy 4.1-51
Added Net: Name=NetDBG5_9
Added Pin To Net: NetName=NetDBG5_11 Pin=DBG5-11
Added Pin To Net: NetName=NetDBG5_11 Pin=SPI-7
Added Pin To Net: NetName=NetDBG5_11 Pin=Teensy 4.1-57
Added Net: Name=NetDBG5_11
Added Pin To Net: NetName=NetDBG5_15 Pin=DBG5-15
Added Pin To Net: NetName=NetDBG5_15 Pin=RTC power batt-2
Added Pin To Net: NetName=NetDBG5_15 Pin=Teensy 4.1-43
Added Net: Name=NetDBG5_15
Change Class Name : Old Net Name=Schematic New Net Name=MainSchematic
Added Class: Name=DebugOutputs
Added Member To Class: ClassName=MainSchematic Member=Component CAN 691709710304
Added Member To Class: ClassName=MainSchematic Member=Component I2C 691709710304
Added Member To Class: ClassName=MainSchematic Member=Component RTC power batt 101
Added Member To Class: ClassName=MainSchematic Member=Component UART 691709710304
