Removed Pin From Net: NetName=NetADC Clock Generator_1 Pin=CAN-A1
Removed Pin From Net: NetName=NetADC Clock Generator_1 Pin=CAN-A1
Removed Pin From Net: NetName=GND Pin=CAN-A4
Removed Pin From Net: NetName=GND Pin=CAN-A4
Removed Pin From Net: NetName=Net14_A1 Pin=I2C-A1
Removed Pin From Net: NetName=Net14_A1 Pin=I2C-A1
Removed Pin From Net: NetName=GND Pin=I2C-A4
Removed Pin From Net: NetName=GND Pin=I2C-A4
Removed Pin From Net: NetName=Net14_A1 Pin=UART-A1
Removed Pin From Net: NetName=Net14_A1 Pin=UART-A1
Removed Pin From Net: NetName=NetTeensy 4.1_7 Pin=UART-A2
Removed Pin From Net: NetName=NetTeensy 4.1_7 Pin=UART-A2
Removed Pin From Net: NetName=NetTeensy 4.1_8 Pin=UART-A3
Removed Pin From Net: NetName=NetTeensy 4.1_8 Pin=UART-A3
Removed Pin From Net: NetName=GND Pin=UART-A4
Removed Pin From Net: NetName=GND Pin=UART-A4
Removed Member From Class: ClassName=Schematic Member=UART
Change Component Designator: OldDesignator=J? NewDesignator=CAN
Change Component Designator: OldDesignator=J? NewDesignator=I2C
Change Component Designator: OldDesignator=J? NewDesignator=UART
Added Pin To Net: NetName=NetADC Clock Generator_1 Pin=CAN-1
Added Pin To Net: NetName=GND Pin=CAN-4
Added Pin To Net: NetName=Net14_A1 Pin=I2C-1
Added Pin To Net: NetName=GND Pin=I2C-4
Added Pin To Net: NetName=Net14_A1 Pin=UART-1
Added Pin To Net: NetName=NetTeensy 4.1_7 Pin=UART-2
Added Pin To Net: NetName=NetTeensy 4.1_8 Pin=UART-3
Added Pin To Net: NetName=GND Pin=UART-4
Added Pin To Net: NetName=NetCAN_2 Pin=CAN-2
Added Pin To Net: NetName=NetCAN_2 Pin=Teensy 4.1-30
Added Net: Name=NetCAN_2
Added Pin To Net: NetName=NetCAN_3 Pin=CAN-3
Added Pin To Net: NetName=NetCAN_3 Pin=Teensy 4.1-31
Added Net: Name=NetCAN_3
Added Pin To Net: NetName=NetI2C_2 Pin=I2C-2
Added Pin To Net: NetName=NetI2C_2 Pin=Teensy 4.1-18
Added Net: Name=NetI2C_2
Added Pin To Net: NetName=NetI2C_3 Pin=I2C-3
Added Pin To Net: NetName=NetI2C_3 Pin=Teensy 4.1-19
Added Net: Name=NetI2C_3
