Removed Pin From Net: NetName=GND Pin=Clock Generator-2
Removed Member From Class: ClassName=Schematic Member=Clock Generator
Added Component: Designator=ADC Clock Generator(OSC_XLH735007.680000I3)
Add component (AddParameter): Name = "Check_prices"; Value = "https://www.snapeda.com/parts/XLH735007.680000I/Renesas/view-part/?ref=eda"; VariantName = "[No Variations]"
Add component (AddParameter): Name = "MF"; Value = "Renesas Electronics America Inc"; VariantName = "[No Variations]"
Add component (AddParameter): Name = "MP"; Value = "XLH735007.680000I"; VariantName = "[No Variations]"
Add component (AddParameter): Name = "Package"; Value = "None"; VariantName = "[No Variations]"
Add component (AddParameter): Name = "SnapEDA_Link"; Value = "https://www.snapeda.com/parts/XLH735007.680000I/Renesas/view-part/?ref=snap"; VariantName = "[No Variations]"
Add component (AddParameter): Name = "Value"; Value = ""; VariantName = "[No Variations]"
Added Component: Designator=Fancy Cap to Help Clock gen(FP-DE2_D15_T5_F7_5_d0_6-0-MFG)
Added Pin To Net: NetName=GND Pin=ADC Clock Generator-3
Added Pin To Net: NetName=GND Pin=Fancy Cap to Help Clock gen-1
Added Pin To Net: NetName=NetADC Clock Generator_1 Pin=ADC Clock Generator-1
Added Pin To Net: NetName=NetADC Clock Generator_1 Pin=ADC Clock Generator-6
Added Pin To Net: NetName=NetADC Clock Generator_1 Pin=ADS1256-16
Added Pin To Net: NetName=NetADC Clock Generator_1 Pin=Fancy Cap to Help Clock gen-2
Added Pin To Net: NetName=NetADC Clock Generator_1 Pin=Teensy 4.1-42
Added Net: Name=NetADC Clock Generator_1
Added Pin To Net: NetName=NetADC Clock Generator_4 Pin=ADC Clock Generator-4
Added Pin To Net: NetName=NetADC Clock Generator_4 Pin=ADS1256-19
Added Net: Name=NetADC Clock Generator_4
Added Member To Class: ClassName=Schematic Member=Component ADC Clock Generator XLH735007.680000I
Added Member To Class: ClassName=Schematic Member=Component Fancy Cap to Help Clock gen DE2E3SA103MJ3BX02F
